2025-08-13 14:07:23 [INFO] === AI Test Selector Started ===
2025-08-13 14:07:23 [INFO] Changed files: ['logs/ai_test_selector.log', 'pages/checkout_page.py']
2025-08-13 14:07:24 [INFO] Changed methods detected: set()
2025-08-13 14:07:25 [INFO] Dependency map: {}
2025-08-13 14:08:25 [ERROR] Error parsing feature report: Expecting value: line 1 column 2 (char 1)
2025-08-13 14:08:53 [INFO] Running AI-selected test files: ['tests/test_001_validate_username_password.py', 'tests/test_login.py']
2025-08-13 14:18:41 [INFO] === AI Test Selector Started ===
2025-08-13 14:18:41 [INFO] Changed files: ['ai_test_selector_4.py', 'logs/ai_test_selector.log', 'pages/checkout_page.py']
2025-08-13 14:18:41 [INFO] Changed methods detected: {'find_tests_using_locators'}
2025-08-13 14:18:45 [INFO] Dependency map: {'find_tests_using_locators': ['./ai_test_selector_4.py']}
2025-08-13 14:20:17 [ERROR] Error parsing feature report: Expecting value: line 1 column 2 (char 1)
2025-08-13 14:20:48 [INFO] Running AI-selected test files: ['tests/test_login.py', 'tests/test_001_validate_username_password.py']
2025-08-13 14:26:28 [INFO] === AI Test Selector Started ===
2025-08-13 14:26:28 [INFO] Changed files: ['ai_test_selector_4.py', 'logs/ai_test_selector.log', 'pages/checkout_page.py']
2025-08-13 14:26:28 [INFO] Changed methods detected: {'find_tests_using_locators'}
2025-08-13 14:26:31 [INFO] Dependency map: {'find_tests_using_locators': ['./ai_test_selector_4.py']}
2025-08-13 14:27:03 [INFO] === Impact Analysis Report ===
2025-08-13 14:27:03 [INFO] Impacted Features: Checkout Process, AI Test Selection
2025-08-13 14:27:03 [INFO] Suggested Tests: ai_test_selector_4_test.py, checkout_page_test.py
2025-08-13 14:27:28 [INFO] Running AI-selected test files: ['tests/test_login.py', 'tests/test_001_validate_username_password.py']
2025-08-13 14:28:12 [INFO] === AI Test Selector Started ===
2025-08-13 14:28:12 [INFO] Changed files: ['ai_test_selector_4.py', 'logs/ai_test_selector.log', 'pages/checkout_page.py']
2025-08-13 14:28:12 [INFO] Changed methods detected: {'find_tests_using_locators'}
2025-08-13 14:28:14 [INFO] Dependency map: {'find_tests_using_locators': ['./ai_test_selector_4.py']}
2025-08-13 14:29:15 [ERROR] Error parsing feature report: Extra data: line 6 column 1 (char 144)
