2025-08-13 14:55:12 [INFO] === AI Test Selector Started ===
2025-08-13 14:55:12 [INFO] Changed files: ['logs/ai_test_selector.log', 'pages/checkout_page.py']
2025-08-13 14:55:13 [INFO] Changed methods detected: set()
2025-08-13 15:26:57 [INFO] === AI Test Selector Started ===
2025-08-13 15:26:57 [INFO] Changed files: ['ai_test_selector_4.py', 'logs/ai_test_selector.log', 'pages/checkout_page.py']
2025-08-13 15:26:57 [INFO] Changed methods detected: {'run_git_cmd', 'get_changed_locators', 'get_changed_methods', 'get_changed_files', 'find_tests_using_locators'}
2025-08-13 15:26:57 [INFO] Changed locators detected: set()
2025-08-13 15:27:03 [INFO] Dependency map: {'run_git_cmd': ['./ai_test_selector_3.py', './ai_test_selector_4.py'], 'get_changed_methods': ['./ai_test_selector_3.py', './ai_test_selector_4.py'], 'get_changed_files': ['./ai_test_selector_3.py', './ai_test_selector_4.py'], 'get_changed_locators': ['./ai_test_selector_4.py'], 'find_tests_using_locators': ['./ai_test_selector_4.py']}
2025-08-13 15:28:29 [ERROR] Error parsing feature report: Expecting value: line 1 column 2 (char 1)
2025-08-13 15:29:19 [WARNING] No relevant test files found.
2025-08-13 15:30:11 [INFO] === AI Test Selector Started ===
2025-08-13 15:30:12 [INFO] Changed files: ['ai_test_selector_4.py', 'logs/ai_test_selector.log', 'pages/checkout_page.py']
2025-08-13 15:30:12 [INFO] Changed methods detected: {'get_changed_locators', 'run_git_cmd', 'get_changed_methods', 'get_changed_files', 'find_tests_using_locators'}
2025-08-13 15:30:12 [INFO] Changed locators detected: set()
2025-08-13 15:30:16 [INFO] Dependency map: {'run_git_cmd': ['./ai_test_selector_3.py', './ai_test_selector_4.py'], 'get_changed_methods': ['./ai_test_selector_3.py', './ai_test_selector_4.py'], 'get_changed_files': ['./ai_test_selector_3.py', './ai_test_selector_4.py'], 'get_changed_locators': ['./ai_test_selector_4.py'], 'find_tests_using_locators': ['./ai_test_selector_4.py']}
2025-08-13 15:31:30 [ERROR] Error parsing feature report: Expecting value: line 1 column 2 (char 1)
2025-08-13 15:32:43 [INFO] Running AI-selected test files: ['tests/test_001_validate_username_password.py', 'tests/test_login.py']
2025-08-13 15:35:10 [INFO] === AI Test Selector Started ===
2025-08-13 15:35:10 [INFO] Changed files: ['logs/ai_test_selector.log', 'pages/checkout_page.py']
2025-08-13 15:35:10 [INFO] Changed methods detected: set()
2025-08-13 15:35:10 [INFO] Changed locators detected: set()
2025-08-13 15:35:11 [INFO] Dependency map: {}
2025-08-13 15:35:36 [INFO] === Impact Analysis Report ===
2025-08-13 15:35:36 [INFO] Impacted Features: Checkout Process, AI Recommendation System
2025-08-13 15:35:36 [INFO] Suggested Tests: checkout_page_test.py, ai_test_selector_test.py
2025-08-13 15:36:02 [INFO] Running AI-selected test files: ['tests/test_001_validate_username_password.py', 'tests/test_login.py']
2025-08-13 15:37:19 [INFO] === AI Test Selector Started ===
2025-08-13 15:37:20 [INFO] Changed files: ['logs/ai_test_selector.log', 'pages/checkout_page.py']
2025-08-13 15:37:20 [INFO] Changed methods detected: set()
2025-08-13 15:43:54 [INFO] === AI Test Selector Started ===
2025-08-13 15:43:54 [INFO] Changed files: ['logs/ai_test_selector.log', 'pages/checkout_page.py']
2025-08-13 15:43:54 [INFO] Changed methods detected: {'assert_toast_contains', 'click_hospital_user_link', 'login_with_hospital_user', 'validate_dashboard_page', 'click_super_admin_link', 'login_with_super_admin'}
2025-08-13 15:43:54 [INFO] Changed locators detected: set()
2025-08-13 15:43:58 [INFO] Dependency map: {'assert_toast_contains': ['./pages/checkout_page.py', './tests/test_002_validate_waning_message.py'], 'click_hospital_user_link': ['./pages/checkout_page.py'], 'login_with_hospital_user': ['./pages/checkout_page.py'], 'validate_dashboard_page': ['./pages/checkout_page.py', './tests/test_001_validate_username_password.py', './tests/test_login.py'], 'click_super_admin_link': ['./pages/checkout_page.py'], 'login_with_super_admin': ['./pages/checkout_page.py', './tests/test_001_validate_username_password.py', './tests/test_002_validate_waning_message.py', './tests/test_login.py']}
2025-08-13 15:45:07 [INFO] === Impact Analysis Report ===
2025-08-13 15:45:07 [INFO] Impacted Features: Checkout Process, User Authentication (Hospital User and Super Admin)
2025-08-13 15:45:07 [INFO] Suggested Tests: test_001_validate_username_password.py, test_002_validate_waning_message.py, test_login.py, test_dashboard_page.py
2025-08-13 15:45:07 [INFO] Running tests that reference changed methods: ['tests/test_001_validate_username_password.py', 'tests/test_002_validate_waning_message.py', 'tests/test_login.py']
2025-08-13 15:55:45 [INFO] === AI Test Selector Started ===
2025-08-13 15:55:45 [INFO] Changed files: ['logs/ai_test_selector.log', 'pages/checkout_page.py']
2025-08-13 15:55:45 [INFO] Changed methods detected: set()
2025-08-13 15:55:45 [INFO] Changed locators detected: {'//div[@class='}
2025-08-13 15:55:47 [INFO] Dependency map: {}
2025-08-13 15:56:44 [ERROR] Error parsing feature report: Expecting value: line 1 column 2 (char 1)
2025-08-13 15:57:18 [INFO] Running AI-selected test files: ['tests/test_001_validate_username_password.py', 'tests/test_login.py']
2025-08-13 16:02:30 [INFO] === AI Test Selector Started ===
2025-08-13 16:02:30 [INFO] Changed files: ['ai_test_selector_4.py', 'logs/ai_test_selector.log', 'pages/checkout_page.py']
2025-08-13 16:02:30 [INFO] Changed methods detected: set()
2025-08-13 16:03:46 [INFO] === AI Test Selector Started ===
2025-08-13 16:03:46 [INFO] Changed files: ['logs/ai_test_selector.log', 'pages/checkout_page.py']
2025-08-13 16:03:46 [INFO] Changed methods detected: set()
2025-08-13 16:03:47 [INFO] Changed locators detected: {'//div[@class='}
2025-08-13 16:03:48 [INFO] Dependency map: {}
2025-08-13 16:04:20 [INFO] === Impact Analysis Report ===
2025-08-13 16:04:20 [INFO] Impacted Features: Checkout Process, AI Test Selection
2025-08-13 16:04:20 [INFO] Suggested Tests: test_checkout_page.py, test_ai_test_selector.py
2025-08-13 16:04:57 [INFO] Running AI-selected test files: ['tests/test_002_validate_waning_message.py', 'tests/test_login.py']
2025-08-13 16:20:31 [INFO] === AI Test Selector Started ===
2025-08-13 16:20:31 [INFO] Changed files: ['logs/ai_test_selector.log', 'pages/checkout_page.py']
2025-08-13 16:20:31 [INFO] Changed methods detected: set()
2025-08-13 16:20:31 [INFO] Changed locators detected: {"//div[@class='mat-tab-label-content' and text()='Super Admins']", "//div[@class='mat-tab-label-content' and text()='Super Admin']"}
2025-08-13 16:20:33 [INFO] Dependency map: {}
2025-08-13 16:21:08 [INFO] === Impact Analysis Report ===
2025-08-13 16:21:08 [INFO] Impacted Features: Checkout Process, AI Test Selection
2025-08-13 16:21:08 [INFO] Suggested Tests: test_checkout_flow.py, test_ai_test_selector.py
2025-08-13 16:21:38 [INFO] Running AI-selected test files: ['tests/test_login.py', 'tests/test_001_validate_username_password.py']
2025-08-13 16:29:36 [INFO] === AI Test Selector Started ===
2025-08-13 16:29:36 [INFO] Changed files: ['ai_test_selector_4.py', 'logs/ai_test_selector.log', 'pages/checkout_page.py']
2025-08-13 16:29:36 [INFO] Changed methods detected: {'find_tests_using_locators', 'get_changed_locators'}
2025-08-13 16:29:36 [INFO] Changed locators detected: {'...', "//div[@class='mat-tab-label-content' and text()='Super Admin']", "//div[@class='mat-tab-label-content' and text()='Super Admins']"}
2025-08-13 16:29:36 [INFO] Changed locator variables detected: {'SUPER_ADMIN_LINK_LOCATOR'}
2025-08-13 16:29:39 [INFO] Dependency map: {'find_tests_using_locators': ['./ai_test_selector_4.py'], 'get_changed_locators': ['./ai_test_selector_4.py']}
2025-08-13 16:31:01 [ERROR] Error parsing feature report: Expecting value: line 1 column 2 (char 1)
2025-08-13 16:31:02 [INFO] Changed locators detected: {'...', "//div[@class='mat-tab-label-content' and text()='Super Admin']", "//div[@class='mat-tab-label-content' and text()='Super Admins']"}
2025-08-13 16:31:02 [INFO] Changed locator variables detected: {'SUPER_ADMIN_LINK_LOCATOR'}
2025-08-13 16:31:32 [INFO] Running AI-selected test files: ['tests/test_002_validate_waning_message.py', 'tests/test_login.py']
2025-08-13 16:43:09,858 [INFO] === AI Test Selector Started ===
2025-08-13 16:43:09,911 [INFO] Changed files: ['logs/ai_test_selector.log', 'pages/checkout_page.py']
2025-08-13 16:43:10,197 [INFO] Changed methods detected: set()
2025-08-13 16:43:10,247 [INFO] Changed locator strings detected: {"//div[@class='mat-tab-label-content' and text()='Super Admin']", "//div[@class='mat-tab-label-content' and text()='Super Admins']"}
2025-08-13 16:43:10,247 [INFO] Changed locator variable names detected: {'SUPER_ADMIN_LINK_LOCATOR'}
2025-08-13 16:43:11,888 [INFO] Methods using changed locators: {'click_hospital_user_link', 'validate_dashboard_page', 'click_super_admin_link', 'login_with_hospital_user', 'wait_for_locator', '__init__', 'login_with_super_admin', 'validate_url', 'assert_toast_contains'}
2025-08-13 16:43:11,896 [INFO] Tests using changed methods: {'.\\tests\\test_login.py', '.\\.venv\\Lib\\site-packages\\bs4\\tests\\test_soup.py', '.\\.venv\\Lib\\site-packages\\greenlet\\tests\\test_leaks.py', '.\\tests\\test_001_validate_username_password.py', '.\\.venv\\Lib\\site-packages\\greenlet\\tests\\test_greenlet.py', '.\\.venv\\Lib\\site-packages\\greenlet\\tests\\test_tracing.py', '.\\tests\\test_002_validate_waning_message.py', '.\\.venv\\Lib\\site-packages\\greenlet\\tests\\test_greenlet_trash.py', '.\\.venv\\Lib\\site-packages\\greenlet\\tests\\test_gc.py', '.\\.venv\\Lib\\site-packages\\greenlet\\tests\\test_generator_nested.py', '.\\.venv\\Lib\\site-packages\\greenlet\\tests\\test_generator.py'}
2025-08-13 16:43:11,896 [INFO] Running tests that reference methods using changed locators: {'.\\tests\\test_login.py', '.\\.venv\\Lib\\site-packages\\bs4\\tests\\test_soup.py', '.\\.venv\\Lib\\site-packages\\greenlet\\tests\\test_leaks.py', '.\\tests\\test_001_validate_username_password.py', '.\\.venv\\Lib\\site-packages\\greenlet\\tests\\test_greenlet.py', '.\\.venv\\Lib\\site-packages\\greenlet\\tests\\test_tracing.py', '.\\tests\\test_002_validate_waning_message.py', '.\\.venv\\Lib\\site-packages\\greenlet\\tests\\test_greenlet_trash.py', '.\\.venv\\Lib\\site-packages\\greenlet\\tests\\test_gc.py', '.\\.venv\\Lib\\site-packages\\greenlet\\tests\\test_generator_nested.py', '.\\.venv\\Lib\\site-packages\\greenlet\\tests\\test_generator.py'}
2025-08-13 16:44:59,514 [INFO] === AI Test Selector Started ===
2025-08-13 16:44:59,575 [INFO] Changed files: ['logs/ai_test_selector.log', 'pages/checkout_page.py']
2025-08-13 16:44:59,850 [INFO] Changed methods detected: set()
2025-08-13 16:44:59,910 [INFO] Changed locator strings detected: {"//div[@class='mat-tab-label-content' and text()='Super Admins']", "//div[@class='mat-tab-label-content' and text()='Super Admin']"}
2025-08-13 16:44:59,910 [INFO] Changed locator variable names detected: {'SUPER_ADMIN_LINK_LOCATOR'}
2025-08-13 16:45:00,518 [INFO] Methods using changed locators: {'login_with_hospital_user', 'wait_for_locator', 'validate_dashboard_page', 'assert_toast_contains', 'click_super_admin_link', 'click_hospital_user_link', '__init__', 'login_with_super_admin', 'validate_url'}
2025-08-13 16:45:00,532 [INFO] Tests using changed methods: {'.\\.venv\\Lib\\site-packages\\greenlet\\tests\\test_gc.py', '.\\.venv\\Lib\\site-packages\\greenlet\\tests\\test_greenlet_trash.py', '.\\.venv\\Lib\\site-packages\\greenlet\\tests\\test_leaks.py', '.\\tests\\test_002_validate_waning_message.py', '.\\tests\\test_login.py', '.\\.venv\\Lib\\site-packages\\greenlet\\tests\\test_generator_nested.py', '.\\.venv\\Lib\\site-packages\\greenlet\\tests\\test_greenlet.py', '.\\.venv\\Lib\\site-packages\\greenlet\\tests\\test_tracing.py', '.\\.venv\\Lib\\site-packages\\greenlet\\tests\\test_generator.py', '.\\.venv\\Lib\\site-packages\\bs4\\tests\\test_soup.py', '.\\tests\\test_001_validate_username_password.py'}
2025-08-13 16:45:00,532 [INFO] Running tests that reference methods using changed locators: {'.\\.venv\\Lib\\site-packages\\greenlet\\tests\\test_gc.py', '.\\.venv\\Lib\\site-packages\\greenlet\\tests\\test_greenlet_trash.py', '.\\.venv\\Lib\\site-packages\\greenlet\\tests\\test_leaks.py', '.\\tests\\test_002_validate_waning_message.py', '.\\tests\\test_login.py', '.\\.venv\\Lib\\site-packages\\greenlet\\tests\\test_generator_nested.py', '.\\.venv\\Lib\\site-packages\\greenlet\\tests\\test_greenlet.py', '.\\.venv\\Lib\\site-packages\\greenlet\\tests\\test_tracing.py', '.\\.venv\\Lib\\site-packages\\greenlet\\tests\\test_generator.py', '.\\.venv\\Lib\\site-packages\\bs4\\tests\\test_soup.py', '.\\tests\\test_001_validate_username_password.py'}
2025-08-13 16:45:50,341 [INFO] === AI Test Selector Started ===
2025-08-13 16:45:50,394 [INFO] Changed files: ['logs/ai_test_selector.log', 'pages/checkout_page.py', 'pytest.ini']
2025-08-13 16:45:50,624 [INFO] Changed methods detected: set()
2025-08-13 16:45:50,681 [INFO] Changed locator strings detected: {"//div[@class='mat-tab-label-content' and text()='Super Admin']", "//div[@class='mat-tab-label-content' and text()='Super Admins']"}
2025-08-13 16:45:50,681 [INFO] Changed locator variable names detected: {'SUPER_ADMIN_LINK_LOCATOR'}
2025-08-13 16:45:51,200 [INFO] Methods using changed locators: {'__init__', 'login_with_hospital_user', 'click_hospital_user_link', 'click_super_admin_link', 'login_with_super_admin', 'validate_url', 'assert_toast_contains', 'wait_for_locator', 'validate_dashboard_page'}
2025-08-13 16:45:51,209 [INFO] Tests using changed methods: {'.\\.venv\\Lib\\site-packages\\bs4\\tests\\test_soup.py', '.\\.venv\\Lib\\site-packages\\greenlet\\tests\\test_generator_nested.py', '.\\.venv\\Lib\\site-packages\\greenlet\\tests\\test_greenlet.py', '.\\.venv\\Lib\\site-packages\\greenlet\\tests\\test_greenlet_trash.py', '.\\tests\\test_002_validate_waning_message.py', '.\\.venv\\Lib\\site-packages\\greenlet\\tests\\test_tracing.py', '.\\tests\\test_login.py', '.\\tests\\test_001_validate_username_password.py', '.\\.venv\\Lib\\site-packages\\greenlet\\tests\\test_generator.py', '.\\.venv\\Lib\\site-packages\\greenlet\\tests\\test_gc.py', '.\\.venv\\Lib\\site-packages\\greenlet\\tests\\test_leaks.py'}
2025-08-13 16:45:51,209 [INFO] Running tests that reference methods using changed locators: {'.\\.venv\\Lib\\site-packages\\bs4\\tests\\test_soup.py', '.\\.venv\\Lib\\site-packages\\greenlet\\tests\\test_generator_nested.py', '.\\.venv\\Lib\\site-packages\\greenlet\\tests\\test_greenlet.py', '.\\.venv\\Lib\\site-packages\\greenlet\\tests\\test_greenlet_trash.py', '.\\tests\\test_002_validate_waning_message.py', '.\\.venv\\Lib\\site-packages\\greenlet\\tests\\test_tracing.py', '.\\tests\\test_login.py', '.\\tests\\test_001_validate_username_password.py', '.\\.venv\\Lib\\site-packages\\greenlet\\tests\\test_generator.py', '.\\.venv\\Lib\\site-packages\\greenlet\\tests\\test_gc.py', '.\\.venv\\Lib\\site-packages\\greenlet\\tests\\test_leaks.py'}
2025-08-13 16:46:41,293 [INFO] === AI Test Selector Started ===
2025-08-13 16:46:41,372 [INFO] Changed files: ['logs/ai_test_selector.log', 'pages/checkout_page.py']
2025-08-13 16:46:41,644 [INFO] Changed methods detected: set()
2025-08-13 16:46:41,720 [INFO] Changed locator strings detected: {"//div[@class='mat-tab-label-content' and text()='Super Admins']", "//div[@class='mat-tab-label-content' and text()='Super Admin']"}
2025-08-13 16:46:41,720 [INFO] Changed locator variable names detected: {'SUPER_ADMIN_LINK_LOCATOR'}
2025-08-13 16:46:42,255 [INFO] Methods using changed locators: {'login_with_super_admin', 'login_with_hospital_user', 'click_super_admin_link', 'validate_url', 'wait_for_locator', 'click_hospital_user_link', 'validate_dashboard_page', '__init__', 'assert_toast_contains'}
2025-08-13 16:46:42,265 [INFO] Tests using changed methods: {'.\\tests\\test_002_validate_waning_message.py', '.\\.venv\\Lib\\site-packages\\greenlet\\tests\\test_tracing.py', '.\\.venv\\Lib\\site-packages\\greenlet\\tests\\test_greenlet.py', '.\\.venv\\Lib\\site-packages\\bs4\\tests\\test_soup.py', '.\\.venv\\Lib\\site-packages\\greenlet\\tests\\test_greenlet_trash.py', '.\\.venv\\Lib\\site-packages\\greenlet\\tests\\test_gc.py', '.\\tests\\test_login.py', '.\\.venv\\Lib\\site-packages\\greenlet\\tests\\test_generator_nested.py', '.\\.venv\\Lib\\site-packages\\greenlet\\tests\\test_leaks.py', '.\\.venv\\Lib\\site-packages\\greenlet\\tests\\test_generator.py', '.\\tests\\test_001_validate_username_password.py'}
2025-08-13 16:46:42,266 [INFO] Running tests that reference methods using changed locators: {'.\\tests\\test_002_validate_waning_message.py', '.\\.venv\\Lib\\site-packages\\greenlet\\tests\\test_tracing.py', '.\\.venv\\Lib\\site-packages\\greenlet\\tests\\test_greenlet.py', '.\\.venv\\Lib\\site-packages\\bs4\\tests\\test_soup.py', '.\\.venv\\Lib\\site-packages\\greenlet\\tests\\test_greenlet_trash.py', '.\\.venv\\Lib\\site-packages\\greenlet\\tests\\test_gc.py', '.\\tests\\test_login.py', '.\\.venv\\Lib\\site-packages\\greenlet\\tests\\test_generator_nested.py', '.\\.venv\\Lib\\site-packages\\greenlet\\tests\\test_leaks.py', '.\\.venv\\Lib\\site-packages\\greenlet\\tests\\test_generator.py', '.\\tests\\test_001_validate_username_password.py'}
2025-08-13 16:47:08 [INFO] === AI Test Selector Started ===
2025-08-13 16:47:08 [INFO] Changed files: ['logs/ai_test_selector.log', 'pages/checkout_page.py']
2025-08-13 16:47:08 [INFO] Changed methods detected: set()
2025-08-13 16:48:10 [INFO] Running AI-selected test files: ['tests/test_login.py']
2025-08-13 16:55:40 [INFO] === AI Test Selector Started ===
2025-08-13 16:55:40 [INFO] Changed files: ['ai_test_selector_4.py', 'logs/ai_test_selector.log', 'pages/checkout_page.py']
2025-08-13 16:55:40 [INFO] Changed methods detected: {'map_ai_files_to_repo', 'get_changed_files', 'ask_ollama_for_tests', 'log_impact_report', 'find_methods_using_locators', 'map_changes_to_features_ai', 'run_git_cmd', 'get_all_test_files', 'get_changed_locators', 'build_dependency_map', 'find_tests_using_locators', 'find_tests_using_methods'}
2025-08-13 16:55:40 [INFO] Changed locators detected: {'http://localhost:11434/api/generate', 'logs', "//div[@class='mat-tab-label-content' and text()='Super Admins']", "//div[@class='mat-tab-label-content' and text()='Super Admin']", 'mistral'}
2025-08-13 16:55:40 [INFO] Changed locator variables detected: {'MODEL', 'OLLAMA_URL', 'LOG_DIR', 'SUPER_ADMIN_LINK_LOCATOR'}
2025-08-13 16:55:47 [INFO] Dependency map: {'map_ai_files_to_repo': ['./ai_test_selector_3.py', './ai_test_selector_4.py'], 'get_changed_files': ['./ai_test_selector_3.py', './ai_test_selector_4.py'], 'ask_ollama_for_tests': ['./ai_test_selector_3.py', './ai_test_selector_4.py'], 'run_git_cmd': ['./ai_test_selector_3.py', './ai_test_selector_4.py'], 'get_all_test_files': ['./ai_test_selector_3.py', './ai_test_selector_4.py'], 'find_tests_using_methods': ['./ai_test_selector_3.py', './ai_test_selector_4.py'], 'log_impact_report': ['./ai_test_selector_4.py'], 'map_changes_to_features_ai': ['./ai_test_selector_4.py'], 'get_changed_locators': ['./ai_test_selector_4.py'], 'build_dependency_map': ['./ai_test_selector_4.py'], 'find_tests_using_locators': ['./ai_test_selector_4.py']}
2025-08-13 16:57:40 [ERROR] Error parsing feature report: Expecting value: line 1 column 2 (char 1)
2025-08-13 16:57:41 [INFO] Changed locators detected: {'http://localhost:11434/api/generate', 'logs', "//div[@class='mat-tab-label-content' and text()='Super Admins']", "//div[@class='mat-tab-label-content' and text()='Super Admin']", 'mistral'}
2025-08-13 16:57:41 [INFO] Changed locator variables detected: {'MODEL', 'OLLAMA_URL', 'LOG_DIR', 'SUPER_ADMIN_LINK_LOCATOR'}
2025-08-13 16:59:13 [INFO] Running AI-selected test files: ['tests/test_login.py']
2025-08-13 17:14:10 [INFO] === AI Test Selector Started ===
2025-08-13 17:14:10 [INFO] Changed files: ['ai_test_selector_4.py', 'logs/ai_test_selector.log', 'pages/checkout_page.py']
2025-08-13 17:14:10 [INFO] Changed methods detected: {'run_git_cmd', 'find_tests_using_methods', 'find_tests_using_locators', 'get_all_test_files', 'map_changes_to_features_ai', 'ask_ollama_for_tests', 'get_changed_files', 'map_ai_files_to_repo', 'find_methods_using_locators', 'log_impact_report', 'build_dependency_map', 'get_changed_locators'}
2025-08-13 17:14:10 [INFO] Changed locators detected: {'http://localhost:11434/api/generate', "//div[@class='mat-tab-label-content' and text()='Super Admins']", 'mistral', 'logs', "//div[@class='mat-tab-label-content' and text()='Super Admin']"}
2025-08-13 17:14:10 [INFO] Changed locator variables detected: {'OLLAMA_URL', 'SUPER_ADMIN_LINK_LOCATOR', 'LOG_DIR', 'MODEL'}
2025-08-13 17:14:18 [INFO] Dependency map: {'run_git_cmd': ['./ai_test_selector_3.py', './ai_test_selector_4.py'], 'find_tests_using_methods': ['./ai_test_selector_3.py', './ai_test_selector_4.py'], 'get_all_test_files': ['./ai_test_selector_3.py', './ai_test_selector_4.py'], 'ask_ollama_for_tests': ['./ai_test_selector_3.py', './ai_test_selector_4.py'], 'get_changed_files': ['./ai_test_selector_3.py', './ai_test_selector_4.py'], 'map_ai_files_to_repo': ['./ai_test_selector_3.py', './ai_test_selector_4.py'], 'find_tests_using_locators': ['./ai_test_selector_4.py'], 'map_changes_to_features_ai': ['./ai_test_selector_4.py'], 'log_impact_report': ['./ai_test_selector_4.py'], 'build_dependency_map': ['./ai_test_selector_4.py'], 'get_changed_locators': ['./ai_test_selector_4.py']}
2025-08-13 17:15:49 [ERROR] Error parsing feature report: Expecting value: line 1 column 2 (char 1)
2025-08-13 17:17:20 [INFO] Running AI-selected test files: ['tests/test_001_validate_username_password.py', 'tests/test_002_validate_waning_message.py', 'tests/test_login.py']
2025-08-13 17:18:47 [INFO] === AI Test Selector Started ===
2025-08-13 17:18:47 [INFO] Changed files: ['logs/ai_test_selector.log', 'pages/checkout_page.py']
2025-08-13 17:18:47 [INFO] Changed methods detected: set()
2025-08-13 17:18:48 [INFO] Changed locators detected: {"//div[@class='mat-tab-label-content' and text()='Super Admins']", "//div[@class='mat-tab-label-content' and text()='Super Admin']"}
2025-08-13 17:18:48 [INFO] Changed locator variables detected: {'SUPER_ADMIN_LINK_LOCATOR'}
2025-08-13 17:18:49 [INFO] Dependency map: {}
2025-08-13 17:19:34 [ERROR] Error parsing feature report: Expecting value: line 1 column 2 (char 1)
2025-08-13 17:20:29 [WARNING] No relevant test files found. Nothing to run.
2025-08-13 17:21:18 [INFO] === AI Test Selector Started ===
2025-08-13 17:21:18 [INFO] Changed files: ['ai_test_selector_4.py', 'logs/ai_test_selector.log', 'pages/checkout_page.py']
2025-08-13 17:21:19 [INFO] Changed methods: {'get_changed_methods', 'find_tests_using_locators', 'get_changed_files', 'get_changed_methods_and_locators', 'build_dependency_map', 'get_changed_locators', 'log_impact_report', 'find_tests_using_methods', 'ask_ollama_for_tests', 'run_git_cmd', 'map_changes_to_features_ai', 'map_ai_files_to_repo'}
2025-08-13 17:21:19 [INFO] Changed locators: set()
2025-08-13 17:21:19 [INFO] Changed variables: set()
2025-08-13 17:21:56 [INFO] Running impacted tests: ['tests/test_001_validate_username_password.py', 'tests/test_login.py']
2025-08-13 17:26:39,493 [INFO] === AI Test Selector Started ===
2025-08-13 17:26:39,567 [INFO] Changed files: ['pages/checkout_page.py']
2025-08-13 17:26:39,639 [INFO] Changed methods: set()
2025-08-13 17:26:39,639 [INFO] Changed locators: {'K_LOCATOR'}
2025-08-13 17:26:39,639 [INFO] Changed variables: {'s'}
2025-08-13 17:26:39,784 [INFO] No direct matches found — using AI fallback
2025-08-13 17:27:34,900 [ERROR] AI fallback failed: unterminated string literal (detected at line 1) (<string>, line 1)
2025-08-13 17:27:34,901 [INFO] Running impacted tests: []
2025-08-13 17:27:34,901 [INFO] No impacted tests detected
2025-08-13 17:29:17,453 [INFO] === AI Test Selector Started ===
2025-08-13 17:29:17,533 [INFO] Changed files: ['pages/checkout_page.py']
2025-08-13 17:29:17,610 [INFO] Changed methods: set()
2025-08-13 17:29:17,610 [INFO] Changed locators: {'K_LOCATOR'}
2025-08-13 17:29:17,610 [INFO] Changed variables: {'s'}
2025-08-13 17:29:17,757 [INFO] No direct matches found — using AI fallback
2025-08-13 17:30:02,467 [ERROR] AI fallback failed: invalid syntax (<string>, line 1)
2025-08-13 17:30:02,468 [INFO] Running impacted tests: []
2025-08-13 17:30:02,468 [INFO] No impacted tests detected
